0 info it worked if it ends with ok
1 verbose cli [ 'C:\\Program Files\\nodejs\\node.exe',
1 verbose cli   'C:\\Program Files\\nodejs\\node_modules\\npm\\bin\\npm-cli.js',
1 verbose cli   'install',
1 verbose cli   '--save',
1 verbose cli   'http-sync' ]
2 info using npm@3.10.10
3 info using node@v6.11.4
4 silly loadCurrentTree Starting
5 silly install loadCurrentTree
6 silly install readLocalPackageData
7 silly fetchPackageMetaData http-sync
8 silly fetchNamedPackageData http-sync
9 silly mapToRegistry name http-sync
10 silly mapToRegistry using default registry
11 silly mapToRegistry registry https://registry.npmjs.org/
12 silly mapToRegistry data Result {
12 silly mapToRegistry   raw: 'http-sync',
12 silly mapToRegistry   scope: null,
12 silly mapToRegistry   escapedName: 'http-sync',
12 silly mapToRegistry   name: 'http-sync',
12 silly mapToRegistry   rawSpec: '',
12 silly mapToRegistry   spec: 'latest',
12 silly mapToRegistry   type: 'tag' }
13 silly mapToRegistry uri https://registry.npmjs.org/http-sync
14 verbose request uri https://registry.npmjs.org/http-sync
15 verbose request no auth needed
16 info attempt registry request try #1 at 21:03:56
17 verbose request id e59c9dec740c944a
18 verbose etag W/"5801d0e1-30d3"
19 verbose lastModified Sat, 15 Oct 2016 06:46:57 GMT
20 http request GET https://registry.npmjs.org/http-sync
21 http 304 https://registry.npmjs.org/http-sync
22 verbose headers { date: 'Tue, 17 Oct 2017 23:03:56 GMT',
22 verbose headers   via: '1.1 varnish',
22 verbose headers   'cache-control': 'max-age=300',
22 verbose headers   etag: 'W/"5801d0e1-30d3"',
22 verbose headers   age: '0',
22 verbose headers   connection: 'keep-alive',
22 verbose headers   'x-served-by': 'cache-gru17125-GRU',
22 verbose headers   'x-cache': 'MISS',
22 verbose headers   'x-cache-hits': '0',
22 verbose headers   'x-timer': 'S1508281437.716329,VS0,VE182',
22 verbose headers   vary: 'Accept-Encoding, Accept' }
23 silly get cb [ 304,
23 silly get   { date: 'Tue, 17 Oct 2017 23:03:56 GMT',
23 silly get     via: '1.1 varnish',
23 silly get     'cache-control': 'max-age=300',
23 silly get     etag: 'W/"5801d0e1-30d3"',
23 silly get     age: '0',
23 silly get     connection: 'keep-alive',
23 silly get     'x-served-by': 'cache-gru17125-GRU',
23 silly get     'x-cache': 'MISS',
23 silly get     'x-cache-hits': '0',
23 silly get     'x-timer': 'S1508281437.716329,VS0,VE182',
23 silly get     vary: 'Accept-Encoding, Accept' } ]
24 verbose etag https://registry.npmjs.org/http-sync from cache
25 verbose get saving http-sync to C:\Users\Gabriel\AppData\Roaming\npm-cache\registry.npmjs.org\http-sync\.cache.json
26 verbose correctMkdir C:\Users\Gabriel\AppData\Roaming\npm-cache correctMkdir not in flight; initializing
27 silly install normalizeTree
28 silly loadCurrentTree Finishing
29 silly loadIdealTree Starting
30 silly install loadIdealTree
31 silly cloneCurrentTree Starting
32 silly install cloneCurrentTreeToIdealTree
33 silly cloneCurrentTree Finishing
34 silly loadShrinkwrap Starting
35 silly install loadShrinkwrap
36 silly loadShrinkwrap Finishing
37 silly loadAllDepsIntoIdealTree Starting
38 silly install loadAllDepsIntoIdealTree
39 silly resolveWithNewModule http-sync@0.1.2 checking installable status
40 silly cache add args [ 'http-sync', null ]
41 verbose cache add spec http-sync
42 silly cache add parsed spec Result {
42 silly cache add   raw: 'http-sync',
42 silly cache add   scope: null,
42 silly cache add   escapedName: 'http-sync',
42 silly cache add   name: 'http-sync',
42 silly cache add   rawSpec: '',
42 silly cache add   spec: 'latest',
42 silly cache add   type: 'tag' }
43 silly addNamed http-sync@latest
44 verbose addNamed "latest" is being treated as a dist-tag for http-sync
45 info addNameTag [ 'http-sync', 'latest' ]
46 silly mapToRegistry name http-sync
47 silly mapToRegistry using default registry
48 silly mapToRegistry registry https://registry.npmjs.org/
49 silly mapToRegistry data Result {
49 silly mapToRegistry   raw: 'http-sync',
49 silly mapToRegistry   scope: null,
49 silly mapToRegistry   escapedName: 'http-sync',
49 silly mapToRegistry   name: 'http-sync',
49 silly mapToRegistry   rawSpec: '',
49 silly mapToRegistry   spec: 'latest',
49 silly mapToRegistry   type: 'tag' }
50 silly mapToRegistry uri https://registry.npmjs.org/http-sync
51 verbose addNameTag registry:https://registry.npmjs.org/http-sync not in flight; fetching
52 verbose get https://registry.npmjs.org/http-sync not expired, no request
53 silly addNameTag next cb for http-sync with tag latest
54 silly addNamed http-sync@0.1.2
55 verbose addNamed "0.1.2" is a plain semver version for http-sync
56 silly cache afterAdd http-sync@0.1.2
57 verbose afterAdd C:\Users\Gabriel\AppData\Roaming\npm-cache\http-sync\0.1.2\package\package.json not in flight; writing
58 verbose correctMkdir C:\Users\Gabriel\AppData\Roaming\npm-cache correctMkdir not in flight; initializing
59 verbose afterAdd C:\Users\Gabriel\AppData\Roaming\npm-cache\http-sync\0.1.2\package\package.json written
60 silly fetchNamedPackageData nan
61 silly mapToRegistry name nan
62 silly mapToRegistry using default registry
63 silly mapToRegistry registry https://registry.npmjs.org/
64 silly mapToRegistry data Result {
64 silly mapToRegistry   raw: 'nan',
64 silly mapToRegistry   scope: null,
64 silly mapToRegistry   escapedName: 'nan',
64 silly mapToRegistry   name: 'nan',
64 silly mapToRegistry   rawSpec: '',
64 silly mapToRegistry   spec: 'latest',
64 silly mapToRegistry   type: 'tag' }
65 silly mapToRegistry uri https://registry.npmjs.org/nan
66 silly fetchNamedPackageData caseless
67 silly mapToRegistry name caseless
68 silly mapToRegistry using default registry
69 silly mapToRegistry registry https://registry.npmjs.org/
70 silly mapToRegistry data Result {
70 silly mapToRegistry   raw: 'caseless',
70 silly mapToRegistry   scope: null,
70 silly mapToRegistry   escapedName: 'caseless',
70 silly mapToRegistry   name: 'caseless',
70 silly mapToRegistry   rawSpec: '',
70 silly mapToRegistry   spec: 'latest',
70 silly mapToRegistry   type: 'tag' }
71 silly mapToRegistry uri https://registry.npmjs.org/caseless
72 verbose request uri https://registry.npmjs.org/nan
73 verbose request no auth needed
74 info attempt registry request try #1 at 21:03:57
75 verbose etag W/"59c33594-20237"
76 verbose lastModified Thu, 21 Sep 2017 03:44:20 GMT
77 http request GET https://registry.npmjs.org/nan
78 verbose request uri https://registry.npmjs.org/caseless
79 verbose request no auth needed
80 info attempt registry request try #1 at 21:03:57
81 verbose etag W/"59b24a2f-3817"
82 verbose lastModified Fri, 08 Sep 2017 07:43:43 GMT
83 http request GET https://registry.npmjs.org/caseless
84 http 304 https://registry.npmjs.org/caseless
85 verbose headers { date: 'Tue, 17 Oct 2017 23:03:57 GMT',
85 verbose headers   via: '1.1 varnish',
85 verbose headers   'cache-control': 'max-age=300',
85 verbose headers   etag: 'W/"59b24a2f-3817"',
85 verbose headers   age: '131',
85 verbose headers   connection: 'keep-alive',
85 verbose headers   'x-served-by': 'cache-gru17134-GRU',
85 verbose headers   'x-cache': 'HIT',
85 verbose headers   'x-cache-hits': '72',
85 verbose headers   'x-timer': 'S1508281437.233159,VS0,VE0',
85 verbose headers   vary: 'Accept-Encoding, Accept' }
86 silly get cb [ 304,
86 silly get   { date: 'Tue, 17 Oct 2017 23:03:57 GMT',
86 silly get     via: '1.1 varnish',
86 silly get     'cache-control': 'max-age=300',
86 silly get     etag: 'W/"59b24a2f-3817"',
86 silly get     age: '131',
86 silly get     connection: 'keep-alive',
86 silly get     'x-served-by': 'cache-gru17134-GRU',
86 silly get     'x-cache': 'HIT',
86 silly get     'x-cache-hits': '72',
86 silly get     'x-timer': 'S1508281437.233159,VS0,VE0',
86 silly get     vary: 'Accept-Encoding, Accept' } ]
87 verbose etag https://registry.npmjs.org/caseless from cache
88 verbose get saving caseless to C:\Users\Gabriel\AppData\Roaming\npm-cache\registry.npmjs.org\caseless\.cache.json
89 verbose correctMkdir C:\Users\Gabriel\AppData\Roaming\npm-cache correctMkdir not in flight; initializing
90 silly resolveWithNewModule caseless@0.9.0 checking installable status
91 silly cache add args [ 'caseless@~0.9.0', null ]
92 verbose cache add spec caseless@~0.9.0
93 silly cache add parsed spec Result {
93 silly cache add   raw: 'caseless@~0.9.0',
93 silly cache add   scope: null,
93 silly cache add   escapedName: 'caseless',
93 silly cache add   name: 'caseless',
93 silly cache add   rawSpec: '~0.9.0',
93 silly cache add   spec: '>=0.9.0 <0.10.0',
93 silly cache add   type: 'range' }
94 silly addNamed caseless@>=0.9.0 <0.10.0
95 verbose addNamed ">=0.9.0 <0.10.0" is a valid semver range for caseless
96 silly addNameRange { name: 'caseless', range: '>=0.9.0 <0.10.0', hasData: false }
97 silly mapToRegistry name caseless
98 silly mapToRegistry using default registry
99 silly mapToRegistry registry https://registry.npmjs.org/
100 silly mapToRegistry data Result {
100 silly mapToRegistry   raw: 'caseless',
100 silly mapToRegistry   scope: null,
100 silly mapToRegistry   escapedName: 'caseless',
100 silly mapToRegistry   name: 'caseless',
100 silly mapToRegistry   rawSpec: '',
100 silly mapToRegistry   spec: 'latest',
100 silly mapToRegistry   type: 'tag' }
101 silly mapToRegistry uri https://registry.npmjs.org/caseless
102 verbose addNameRange registry:https://registry.npmjs.org/caseless not in flight; fetching
103 verbose get https://registry.npmjs.org/caseless not expired, no request
104 silly addNameRange number 2 { name: 'caseless', range: '>=0.9.0 <0.10.0', hasData: true }
105 silly addNameRange versions [ 'caseless',
105 silly addNameRange   [ '0.1.0',
105 silly addNameRange     '0.2.0',
105 silly addNameRange     '0.3.0',
105 silly addNameRange     '0.4.0',
105 silly addNameRange     '0.5.0',
105 silly addNameRange     '0.6.0',
105 silly addNameRange     '0.7.0',
105 silly addNameRange     '0.8.0',
105 silly addNameRange     '0.9.0',
105 silly addNameRange     '0.10.0',
105 silly addNameRange     '0.11.0',
105 silly addNameRange     '0.12.0' ] ]
106 silly addNamed caseless@0.9.0
107 verbose addNamed "0.9.0" is a plain semver version for caseless
108 silly cache afterAdd caseless@0.9.0
109 verbose afterAdd C:\Users\Gabriel\AppData\Roaming\npm-cache\caseless\0.9.0\package\package.json not in flight; writing
110 verbose correctMkdir C:\Users\Gabriel\AppData\Roaming\npm-cache correctMkdir not in flight; initializing
111 verbose afterAdd C:\Users\Gabriel\AppData\Roaming\npm-cache\caseless\0.9.0\package\package.json written
112 http 304 https://registry.npmjs.org/nan
113 verbose headers { date: 'Tue, 17 Oct 2017 23:03:57 GMT',
113 verbose headers   via: '1.1 varnish',
113 verbose headers   'cache-control': 'max-age=300',
113 verbose headers   etag: 'W/"59c33594-20237"',
113 verbose headers   age: '0',
113 verbose headers   connection: 'keep-alive',
113 verbose headers   'x-served-by': 'cache-gru17125-GRU',
113 verbose headers   'x-cache': 'HIT',
113 verbose headers   'x-cache-hits': '1',
113 verbose headers   'x-timer': 'S1508281437.121475,VS0,VE776',
113 verbose headers   vary: 'Accept-Encoding, Accept' }
114 silly get cb [ 304,
114 silly get   { date: 'Tue, 17 Oct 2017 23:03:57 GMT',
114 silly get     via: '1.1 varnish',
114 silly get     'cache-control': 'max-age=300',
114 silly get     etag: 'W/"59c33594-20237"',
114 silly get     age: '0',
114 silly get     connection: 'keep-alive',
114 silly get     'x-served-by': 'cache-gru17125-GRU',
114 silly get     'x-cache': 'HIT',
114 silly get     'x-cache-hits': '1',
114 silly get     'x-timer': 'S1508281437.121475,VS0,VE776',
114 silly get     vary: 'Accept-Encoding, Accept' } ]
115 verbose etag https://registry.npmjs.org/nan from cache
116 verbose get saving nan to C:\Users\Gabriel\AppData\Roaming\npm-cache\registry.npmjs.org\nan\.cache.json
117 verbose correctMkdir C:\Users\Gabriel\AppData\Roaming\npm-cache correctMkdir not in flight; initializing
118 silly resolveWithNewModule nan@1.8.4 checking installable status
119 silly cache add args [ 'nan@~1.8.0', null ]
120 verbose cache add spec nan@~1.8.0
121 silly cache add parsed spec Result {
121 silly cache add   raw: 'nan@~1.8.0',
121 silly cache add   scope: null,
121 silly cache add   escapedName: 'nan',
121 silly cache add   name: 'nan',
121 silly cache add   rawSpec: '~1.8.0',
121 silly cache add   spec: '>=1.8.0 <1.9.0',
121 silly cache add   type: 'range' }
122 silly addNamed nan@>=1.8.0 <1.9.0
123 verbose addNamed ">=1.8.0 <1.9.0" is a valid semver range for nan
124 silly addNameRange { name: 'nan', range: '>=1.8.0 <1.9.0', hasData: false }
125 silly mapToRegistry name nan
126 silly mapToRegistry using default registry
127 silly mapToRegistry registry https://registry.npmjs.org/
128 silly mapToRegistry data Result {
128 silly mapToRegistry   raw: 'nan',
128 silly mapToRegistry   scope: null,
128 silly mapToRegistry   escapedName: 'nan',
128 silly mapToRegistry   name: 'nan',
128 silly mapToRegistry   rawSpec: '',
128 silly mapToRegistry   spec: 'latest',
128 silly mapToRegistry   type: 'tag' }
129 silly mapToRegistry uri https://registry.npmjs.org/nan
130 verbose addNameRange registry:https://registry.npmjs.org/nan not in flight; fetching
131 verbose get https://registry.npmjs.org/nan not expired, no request
132 silly addNameRange number 2 { name: 'nan', range: '>=1.8.0 <1.9.0', hasData: true }
133 silly addNameRange versions [ 'nan',
133 silly addNameRange   [ '0.3.0-wip',
133 silly addNameRange     '0.3.0-wip2',
133 silly addNameRange     '0.3.0',
133 silly addNameRange     '0.3.1',
133 silly addNameRange     '0.3.2',
133 silly addNameRange     '0.4.0',
133 silly addNameRange     '0.4.1',
133 silly addNameRange     '0.4.2',
133 silly addNameRange     '0.4.3',
133 silly addNameRange     '0.4.4',
133 silly addNameRange     '0.5.0',
133 silly addNameRange     '0.5.1',
133 silly addNameRange     '0.5.2',
133 silly addNameRange     '0.6.0',
133 silly addNameRange     '0.7.0',
133 silly addNameRange     '0.7.1',
133 silly addNameRange     '0.8.0',
133 silly addNameRange     '1.0.0',
133 silly addNameRange     '1.1.0',
133 silly addNameRange     '1.1.1',
133 silly addNameRange     '1.1.2',
133 silly addNameRange     '1.2.0',
133 silly addNameRange     '1.3.0',
133 silly addNameRange     '1.4.0',
133 silly addNameRange     '1.4.1',
133 silly addNameRange     '1.5.0',
133 silly addNameRange     '1.4.2',
133 silly addNameRange     '1.4.3',
133 silly addNameRange     '1.5.1',
133 silly addNameRange     '1.5.2',
133 silly addNameRange     '1.6.0',
133 silly addNameRange     '1.5.3',
133 silly addNameRange     '1.6.1',
133 silly addNameRange     '1.6.2',
133 silly addNameRange     '1.7.0',
133 silly addNameRange     '1.8.0',
133 silly addNameRange     '1.8.1',
133 silly addNameRange     '1.8.2',
133 silly addNameRange     '1.8.3',
133 silly addNameRange     '1.8.4',
133 silly addNameRange     '1.9.0',
133 silly addNameRange     '2.0.0',
133 silly addNameRange     '2.0.1',
133 silly addNameRange     '2.0.2',
133 silly addNameRange     '2.0.3',
133 silly addNameRange     '2.0.4',
133 silly addNameRange     '2.0.5',
133 silly addNameRange     '2.0.6',
133 silly addNameRange     '2.0.7',
133 silly addNameRange     '2.0.8',
133 silly addNameRange     '2.0.9',
133 silly addNameRange     '2.1.0',
133 silly addNameRange     '2.2.0',
133 silly addNameRange     '2.2.1',
133 silly addNameRange     '2.3.0',
133 silly addNameRange     '2.3.1',
133 silly addNameRange     '2.3.2',
133 silly addNameRange     '2.3.3',
133 silly addNameRange     '2.3.4',
133 silly addNameRange     '2.3.5',
133 silly addNameRange     '2.4.0',
133 silly addNameRange     '2.5.0',
133 silly addNameRange     '2.5.1',
133 silly addNameRange     '2.6.0',
133 silly addNameRange     '2.6.1',
133 silly addNameRange     '2.6.2',
133 silly addNameRange     '2.7.0' ] ]
134 silly addNamed nan@1.8.4
135 verbose addNamed "1.8.4" is a plain semver version for nan
136 silly cache afterAdd nan@1.8.4
137 verbose afterAdd C:\Users\Gabriel\AppData\Roaming\npm-cache\nan\1.8.4\package\package.json not in flight; writing
138 verbose correctMkdir C:\Users\Gabriel\AppData\Roaming\npm-cache correctMkdir not in flight; initializing
139 verbose afterAdd C:\Users\Gabriel\AppData\Roaming\npm-cache\nan\1.8.4\package\package.json written
140 silly fetchNamedPackageData http-sync
141 silly mapToRegistry name http-sync
142 silly mapToRegistry using default registry
143 silly mapToRegistry registry https://registry.npmjs.org/
144 silly mapToRegistry data Result {
144 silly mapToRegistry   raw: 'http-sync',
144 silly mapToRegistry   scope: null,
144 silly mapToRegistry   escapedName: 'http-sync',
144 silly mapToRegistry   name: 'http-sync',
144 silly mapToRegistry   rawSpec: '',
144 silly mapToRegistry   spec: 'latest',
144 silly mapToRegistry   type: 'tag' }
145 silly mapToRegistry uri https://registry.npmjs.org/http-sync
146 silly resolveWithNewModule http-sync@0.0.5 checking installable status
147 silly cache add args [ 'http-sync@^0.0.5', null ]
148 verbose cache add spec http-sync@^0.0.5
149 silly cache add parsed spec Result {
149 silly cache add   raw: 'http-sync@^0.0.5',
149 silly cache add   scope: null,
149 silly cache add   escapedName: 'http-sync',
149 silly cache add   name: 'http-sync',
149 silly cache add   rawSpec: '^0.0.5',
149 silly cache add   spec: '>=0.0.5 <0.0.6',
149 silly cache add   type: 'range' }
150 silly addNamed http-sync@>=0.0.5 <0.0.6
151 verbose addNamed ">=0.0.5 <0.0.6" is a valid semver range for http-sync
152 silly addNameRange { name: 'http-sync', range: '>=0.0.5 <0.0.6', hasData: false }
153 silly mapToRegistry name http-sync
154 silly mapToRegistry using default registry
155 silly mapToRegistry registry https://registry.npmjs.org/
156 silly mapToRegistry data Result {
156 silly mapToRegistry   raw: 'http-sync',
156 silly mapToRegistry   scope: null,
156 silly mapToRegistry   escapedName: 'http-sync',
156 silly mapToRegistry   name: 'http-sync',
156 silly mapToRegistry   rawSpec: '',
156 silly mapToRegistry   spec: 'latest',
156 silly mapToRegistry   type: 'tag' }
157 silly mapToRegistry uri https://registry.npmjs.org/http-sync
158 verbose addNameRange registry:https://registry.npmjs.org/http-sync not in flight; fetching
159 verbose get https://registry.npmjs.org/http-sync not expired, no request
160 silly addNameRange number 2 { name: 'http-sync', range: '>=0.0.5 <0.0.6', hasData: true }
161 silly addNameRange versions [ 'http-sync',
161 silly addNameRange   [ '0.0.1',
161 silly addNameRange     '0.0.2',
161 silly addNameRange     '0.0.3',
161 silly addNameRange     '0.0.4',
161 silly addNameRange     '0.0.5',
161 silly addNameRange     '0.1.0',
161 silly addNameRange     '0.1.1',
161 silly addNameRange     '0.1.2' ] ]
162 silly addNamed http-sync@0.0.5
163 verbose addNamed "0.0.5" is a plain semver version for http-sync
164 silly cache afterAdd http-sync@0.0.5
165 verbose afterAdd C:\Users\Gabriel\AppData\Roaming\npm-cache\http-sync\0.0.5\package\package.json not in flight; writing
166 verbose correctMkdir C:\Users\Gabriel\AppData\Roaming\npm-cache correctMkdir not in flight; initializing
167 verbose afterAdd C:\Users\Gabriel\AppData\Roaming\npm-cache\http-sync\0.0.5\package\package.json written
168 silly loadAllDepsIntoIdealTree Finishing
169 silly loadIdealTree Finishing
170 silly currentTree app4@1.0.0
170 silly currentTree +-- @types/node@7.0.43
170 silly currentTree +-- accessibility-developer-tools@2.12.0
170 silly currentTree +-- ajv@5.2.3
170 silly currentTree +-- ansi-regex@2.1.1
170 silly currentTree +-- array-find-index@1.0.2
170 silly currentTree +-- asn1@0.2.3
170 silly currentTree +-- assert-plus@1.0.0
170 silly currentTree +-- asynckit@0.4.0
170 silly currentTree +-- aws-sign2@0.7.0
170 silly currentTree +-- aws4@1.6.0
170 silly currentTree +-- balanced-match@1.0.0
170 silly currentTree +-- bcrypt-pbkdf@1.0.1
170 silly currentTree +-- boom@4.3.1
170 silly currentTree +-- brace-expansion@1.1.8
170 silly currentTree +-- builtin-modules@1.1.1
170 silly currentTree +-- camelcase-keys@2.1.0
170 silly currentTree +-- camelcase@2.1.1
170 silly currentTree +-- caseless@0.12.0
170 silly currentTree +-- co@4.6.0
170 silly currentTree +-- code-point-at@1.1.0
170 silly currentTree +-- combined-stream@1.0.5
170 silly currentTree +-- concat-map@0.0.1
170 silly currentTree +-- concat-stream@1.6.0
170 silly currentTree | +-- isarray@1.0.0
170 silly currentTree | +-- readable-stream@2.3.3
170 silly currentTree | `-- string_decoder@1.0.3
170 silly currentTree +-- core-util-is@1.0.2
170 silly currentTree +-- cryptiles@3.1.2
170 silly currentTree | `-- boom@5.2.0
170 silly currentTree +-- currently-unhandled@0.4.1
170 silly currentTree +-- dashdash@1.14.1
170 silly currentTree +-- debug@2.6.9
170 silly currentTree +-- decamelize@1.2.0
170 silly currentTree +-- deep-extend@0.4.2
170 silly currentTree +-- delayed-stream@1.0.0
170 silly currentTree +-- devtron@1.4.0
170 silly currentTree +-- ecc-jsbn@0.1.1
170 silly currentTree +-- ejs-electron@2.0.1
170 silly currentTree | `-- ejs@2.4.1
170 silly currentTree +-- ejs@2.5.7
170 silly currentTree +-- electron-download@3.3.0
170 silly currentTree +-- electron-fetch@1.1.0
170 silly currentTree +-- electron-log@2.2.9
170 silly currentTree +-- electron-router@0.4.1
170 silly currentTree +-- electron@1.7.9
170 silly currentTree +-- encoding@0.1.12
170 silly currentTree +-- error-ex@1.3.1
170 silly currentTree +-- es6-promise@4.1.1
170 silly currentTree +-- esprima@1.0.4
170 silly currentTree +-- eventemitter3@1.2.0
170 silly currentTree +-- extend@3.0.1
170 silly currentTree +-- extract-zip@1.6.5
170 silly currentTree | +-- debug@2.2.0
170 silly currentTree | `-- ms@0.7.1
170 silly currentTree +-- extsprintf@1.3.0
170 silly currentTree +-- fast-deep-equal@1.0.0
170 silly currentTree +-- fd-slicer@1.0.1
170 silly currentTree +-- find-up@1.1.2
170 silly currentTree +-- forever-agent@0.6.1
170 silly currentTree +-- form-data@2.3.1
170 silly currentTree +-- fs-extra@0.30.0
170 silly currentTree | `-- jsonfile@2.4.0
170 silly currentTree +-- fs.realpath@1.0.0
170 silly currentTree +-- get-stdin@4.0.1
170 silly currentTree +-- getpass@0.1.7
170 silly currentTree +-- glob@7.1.2
170 silly currentTree +-- graceful-fs@4.1.11
170 silly currentTree +-- har-schema@2.0.0
170 silly currentTree +-- har-validator@5.0.3
170 silly currentTree +-- hawk@6.0.2
170 silly currentTree +-- highlight.js@9.12.0
170 silly currentTree +-- hoek@4.2.0
170 silly currentTree +-- home-path@1.0.5
170 silly currentTree +-- hosted-git-info@2.5.0
170 silly currentTree +-- http-signature@1.2.0
170 silly currentTree +-- http-sync-win@0.0.7
170 silly currentTree | +-- concat-stream@1.4.10
170 silly currentTree | `-- rimraf@2.2.8
170 silly currentTree +-- humanize-plus@1.8.2
170 silly currentTree +-- iconv-lite@0.4.19
170 silly currentTree +-- indent-string@2.1.0
170 silly currentTree +-- inflight@1.0.6
170 silly currentTree +-- inherits@2.0.3
170 silly currentTree +-- ini@1.3.4
170 silly currentTree +-- is-arrayish@0.2.1
170 silly currentTree +-- is-builtin-module@1.0.0
170 silly currentTree +-- is-finite@1.0.2
170 silly currentTree +-- is-fullwidth-code-point@1.0.0
170 silly currentTree +-- is-typedarray@1.0.0
170 silly currentTree +-- is-utf8@0.2.1
170 silly currentTree +-- isarray@0.0.1
170 silly currentTree +-- isstream@0.1.2
170 silly currentTree +-- jquery@3.2.1
170 silly currentTree +-- jsbn@0.1.1
170 silly currentTree +-- json-literal@1.1.0
170 silly currentTree +-- json-schema-traverse@0.3.1
170 silly currentTree +-- json-schema@0.2.3
170 silly currentTree +-- json-stable-stringify@1.0.1
170 silly currentTree +-- json-stringify-safe@5.0.1
170 silly currentTree +-- jsonfile@4.0.0
170 silly currentTree +-- jsonify@0.0.0
170 silly currentTree +-- jsprim@1.4.1
170 silly currentTree +-- klaw@1.3.1
170 silly currentTree +-- load-json-file@1.1.0
170 silly currentTree +-- lodash@4.17.4
170 silly currentTree +-- loud-rejection@1.6.0
170 silly currentTree +-- map-obj@1.0.1
170 silly currentTree +-- meow@3.7.0
170 silly currentTree +-- merge-json@0.1.0-b.3
170 silly currentTree +-- mime-db@1.30.0
170 silly currentTree +-- mime-types@2.1.17
170 silly currentTree +-- mime@1.3.4
170 silly currentTree +-- minimatch@3.0.4
170 silly currentTree +-- minimist@1.2.0
170 silly currentTree +-- mkdirp@0.5.0
170 silly currentTree | `-- minimist@0.0.8
170 silly currentTree +-- ms@2.0.0
170 silly currentTree +-- normalize-package-data@2.4.0
170 silly currentTree +-- nugget@2.0.1
170 silly currentTree +-- number-is-nan@1.0.1
170 silly currentTree +-- oauth-sign@0.8.2
170 silly currentTree +-- object-assign@4.1.1
170 silly currentTree +-- object-keys@0.4.0
170 silly currentTree +-- once@1.4.0
170 silly currentTree +-- parse-json@2.2.0
170 silly currentTree +-- path-exists@2.1.0
170 silly currentTree +-- path-is-absolute@1.0.1
170 silly currentTree +-- path-type@1.1.0
170 silly currentTree +-- pend@1.2.0
170 silly currentTree +-- performance-now@2.1.0
170 silly currentTree +-- pify@2.3.0
170 silly currentTree +-- pinkie-promise@2.0.1
170 silly currentTree +-- pinkie@2.0.4
170 silly currentTree +-- pretty-bytes@1.0.4
170 silly currentTree +-- process-nextick-args@1.0.7
170 silly currentTree +-- progress-stream@1.2.0
170 silly currentTree +-- punycode@1.4.1
170 silly currentTree +-- qs@6.5.1
170 silly currentTree +-- rc@1.2.1
170 silly currentTree +-- read-pkg-up@1.0.1
170 silly currentTree +-- read-pkg@1.1.0
170 silly currentTree +-- readable-stream@1.1.14
170 silly currentTree +-- redent@1.0.0
170 silly currentTree +-- repeating@2.0.1
170 silly currentTree +-- request-sync@1.0.0
170 silly currentTree | `-- qs@2.4.2
170 silly currentTree +-- request@2.83.0
170 silly currentTree +-- rimraf@2.6.2
170 silly currentTree +-- safe-buffer@5.1.1
170 silly currentTree +-- semver@5.4.1
170 silly currentTree +-- shelljs@0.2.6
170 silly currentTree +-- signal-exit@3.0.2
170 silly currentTree +-- single-line-log@1.1.2
170 silly currentTree +-- sntp@2.0.2
170 silly currentTree +-- spdx-correct@1.0.2
170 silly currentTree +-- spdx-expression-parse@1.0.4
170 silly currentTree +-- spdx-license-ids@1.2.2
170 silly currentTree +-- speedometer@0.1.4
170 silly currentTree +-- sql.js@0.3.2
170 silly currentTree +-- sqlite-sync@0.3.6
170 silly currentTree +-- squel@5.12.0
170 silly currentTree +-- sshpk@1.13.1
170 silly currentTree +-- string_decoder@0.10.31
170 silly currentTree +-- string-width@1.0.2
170 silly currentTree +-- stringstream@0.0.5
170 silly currentTree +-- strip-ansi@3.0.1
170 silly currentTree +-- strip-bom@2.0.0
170 silly currentTree +-- strip-indent@1.0.1
170 silly currentTree +-- strip-json-comments@2.0.1
170 silly currentTree +-- sumchecker@1.3.1
170 silly currentTree +-- throttleit@0.0.2
170 silly currentTree +-- through2@0.2.3
170 silly currentTree +-- tough-cookie@2.3.3
170 silly currentTree +-- trim-newlines@1.0.0
170 silly currentTree +-- tunnel-agent@0.6.0
170 silly currentTree +-- tweetnacl@0.14.5
170 silly currentTree +-- type-of@2.0.1
170 silly currentTree +-- typedarray@0.0.6
170 silly currentTree +-- util-deprecate@1.0.2
170 silly currentTree +-- uuid@3.1.0
170 silly currentTree +-- validate-npm-package-license@3.0.1
170 silly currentTree +-- verror@1.10.0
170 silly currentTree +-- wrappy@1.0.2
170 silly currentTree +-- xtend@2.1.2
170 silly currentTree `-- yauzl@2.4.1
171 silly idealTree app4@1.0.0
171 silly idealTree +-- @types/node@7.0.43
171 silly idealTree +-- accessibility-developer-tools@2.12.0
171 silly idealTree +-- ajv@5.2.3
171 silly idealTree +-- ansi-regex@2.1.1
171 silly idealTree +-- array-find-index@1.0.2
171 silly idealTree +-- asn1@0.2.3
171 silly idealTree +-- assert-plus@1.0.0
171 silly idealTree +-- asynckit@0.4.0
171 silly idealTree +-- aws-sign2@0.7.0
171 silly idealTree +-- aws4@1.6.0
171 silly idealTree +-- balanced-match@1.0.0
171 silly idealTree +-- bcrypt-pbkdf@1.0.1
171 silly idealTree +-- boom@4.3.1
171 silly idealTree +-- brace-expansion@1.1.8
171 silly idealTree +-- builtin-modules@1.1.1
171 silly idealTree +-- camelcase-keys@2.1.0
171 silly idealTree +-- camelcase@2.1.1
171 silly idealTree +-- caseless@0.12.0
171 silly idealTree +-- co@4.6.0
171 silly idealTree +-- code-point-at@1.1.0
171 silly idealTree +-- combined-stream@1.0.5
171 silly idealTree +-- concat-map@0.0.1
171 silly idealTree +-- concat-stream@1.6.0
171 silly idealTree | +-- isarray@1.0.0
171 silly idealTree | +-- readable-stream@2.3.3
171 silly idealTree | `-- string_decoder@1.0.3
171 silly idealTree +-- core-util-is@1.0.2
171 silly idealTree +-- cryptiles@3.1.2
171 silly idealTree | `-- boom@5.2.0
171 silly idealTree +-- currently-unhandled@0.4.1
171 silly idealTree +-- dashdash@1.14.1
171 silly idealTree +-- debug@2.6.9
171 silly idealTree +-- decamelize@1.2.0
171 silly idealTree +-- deep-extend@0.4.2
171 silly idealTree +-- delayed-stream@1.0.0
171 silly idealTree +-- devtron@1.4.0
171 silly idealTree +-- ecc-jsbn@0.1.1
171 silly idealTree +-- ejs-electron@2.0.1
171 silly idealTree | `-- ejs@2.4.1
171 silly idealTree +-- ejs@2.5.7
171 silly idealTree +-- electron-download@3.3.0
171 silly idealTree +-- electron-fetch@1.1.0
171 silly idealTree +-- electron-log@2.2.9
171 silly idealTree +-- electron-router@0.4.1
171 silly idealTree +-- electron@1.7.9
171 silly idealTree +-- encoding@0.1.12
171 silly idealTree +-- error-ex@1.3.1
171 silly idealTree +-- es6-promise@4.1.1
171 silly idealTree +-- esprima@1.0.4
171 silly idealTree +-- eventemitter3@1.2.0
171 silly idealTree +-- extend@3.0.1
171 silly idealTree +-- extract-zip@1.6.5
171 silly idealTree | +-- debug@2.2.0
171 silly idealTree | `-- ms@0.7.1
171 silly idealTree +-- extsprintf@1.3.0
171 silly idealTree +-- fast-deep-equal@1.0.0
171 silly idealTree +-- fd-slicer@1.0.1
171 silly idealTree +-- find-up@1.1.2
171 silly idealTree +-- forever-agent@0.6.1
171 silly idealTree +-- form-data@2.3.1
171 silly idealTree +-- fs-extra@0.30.0
171 silly idealTree | `-- jsonfile@2.4.0
171 silly idealTree +-- fs.realpath@1.0.0
171 silly idealTree +-- get-stdin@4.0.1
171 silly idealTree +-- getpass@0.1.7
171 silly idealTree +-- glob@7.1.2
171 silly idealTree +-- graceful-fs@4.1.11
171 silly idealTree +-- har-schema@2.0.0
171 silly idealTree +-- har-validator@5.0.3
171 silly idealTree +-- hawk@6.0.2
171 silly idealTree +-- highlight.js@9.12.0
171 silly idealTree +-- hoek@4.2.0
171 silly idealTree +-- home-path@1.0.5
171 silly idealTree +-- hosted-git-info@2.5.0
171 silly idealTree +-- http-signature@1.2.0
171 silly idealTree +-- http-sync-win@0.0.7
171 silly idealTree | +-- concat-stream@1.4.10
171 silly idealTree | `-- rimraf@2.2.8
171 silly idealTree +-- http-sync@0.1.2
171 silly idealTree | `-- caseless@0.9.0
171 silly idealTree +-- humanize-plus@1.8.2
171 silly idealTree +-- iconv-lite@0.4.19
171 silly idealTree +-- indent-string@2.1.0
171 silly idealTree +-- inflight@1.0.6
171 silly idealTree +-- inherits@2.0.3
171 silly idealTree +-- ini@1.3.4
171 silly idealTree +-- is-arrayish@0.2.1
171 silly idealTree +-- is-builtin-module@1.0.0
171 silly idealTree +-- is-finite@1.0.2
171 silly idealTree +-- is-fullwidth-code-point@1.0.0
171 silly idealTree +-- is-typedarray@1.0.0
171 silly idealTree +-- is-utf8@0.2.1
171 silly idealTree +-- isarray@0.0.1
171 silly idealTree +-- isstream@0.1.2
171 silly idealTree +-- jquery@3.2.1
171 silly idealTree +-- jsbn@0.1.1
171 silly idealTree +-- json-literal@1.1.0
171 silly idealTree +-- json-schema-traverse@0.3.1
171 silly idealTree +-- json-schema@0.2.3
171 silly idealTree +-- json-stable-stringify@1.0.1
171 silly idealTree +-- json-stringify-safe@5.0.1
171 silly idealTree +-- jsonfile@4.0.0
171 silly idealTree +-- jsonify@0.0.0
171 silly idealTree +-- jsprim@1.4.1
171 silly idealTree +-- klaw@1.3.1
171 silly idealTree +-- load-json-file@1.1.0
171 silly idealTree +-- lodash@4.17.4
171 silly idealTree +-- loud-rejection@1.6.0
171 silly idealTree +-- map-obj@1.0.1
171 silly idealTree +-- meow@3.7.0
171 silly idealTree +-- merge-json@0.1.0-b.3
171 silly idealTree +-- mime-db@1.30.0
171 silly idealTree +-- mime-types@2.1.17
171 silly idealTree +-- mime@1.3.4
171 silly idealTree +-- minimatch@3.0.4
171 silly idealTree +-- minimist@1.2.0
171 silly idealTree +-- mkdirp@0.5.0
171 silly idealTree | `-- minimist@0.0.8
171 silly idealTree +-- ms@2.0.0
171 silly idealTree +-- nan@1.8.4
171 silly idealTree +-- normalize-package-data@2.4.0
171 silly idealTree +-- nugget@2.0.1
171 silly idealTree +-- number-is-nan@1.0.1
171 silly idealTree +-- oauth-sign@0.8.2
171 silly idealTree +-- object-assign@4.1.1
171 silly idealTree +-- object-keys@0.4.0
171 silly idealTree +-- once@1.4.0
171 silly idealTree +-- parse-json@2.2.0
171 silly idealTree +-- path-exists@2.1.0
171 silly idealTree +-- path-is-absolute@1.0.1
171 silly idealTree +-- path-type@1.1.0
171 silly idealTree +-- pend@1.2.0
171 silly idealTree +-- performance-now@2.1.0
171 silly idealTree +-- pify@2.3.0
171 silly idealTree +-- pinkie-promise@2.0.1
171 silly idealTree +-- pinkie@2.0.4
171 silly idealTree +-- pretty-bytes@1.0.4
171 silly idealTree +-- process-nextick-args@1.0.7
171 silly idealTree +-- progress-stream@1.2.0
171 silly idealTree +-- punycode@1.4.1
171 silly idealTree +-- qs@6.5.1
171 silly idealTree +-- rc@1.2.1
171 silly idealTree +-- read-pkg-up@1.0.1
171 silly idealTree +-- read-pkg@1.1.0
171 silly idealTree +-- readable-stream@1.1.14
171 silly idealTree +-- redent@1.0.0
171 silly idealTree +-- repeating@2.0.1
171 silly idealTree +-- request-sync@1.0.0
171 silly idealTree | +-- http-sync@0.0.5
171 silly idealTree | `-- qs@2.4.2
171 silly idealTree +-- request@2.83.0
171 silly idealTree +-- rimraf@2.6.2
171 silly idealTree +-- safe-buffer@5.1.1
171 silly idealTree +-- semver@5.4.1
171 silly idealTree +-- shelljs@0.2.6
171 silly idealTree +-- signal-exit@3.0.2
171 silly idealTree +-- single-line-log@1.1.2
171 silly idealTree +-- sntp@2.0.2
171 silly idealTree +-- spdx-correct@1.0.2
171 silly idealTree +-- spdx-expression-parse@1.0.4
171 silly idealTree +-- spdx-license-ids@1.2.2
171 silly idealTree +-- speedometer@0.1.4
171 silly idealTree +-- sql.js@0.3.2
171 silly idealTree +-- sqlite-sync@0.3.6
171 silly idealTree +-- squel@5.12.0
171 silly idealTree +-- sshpk@1.13.1
171 silly idealTree +-- string_decoder@0.10.31
171 silly idealTree +-- string-width@1.0.2
171 silly idealTree +-- stringstream@0.0.5
171 silly idealTree +-- strip-ansi@3.0.1
171 silly idealTree +-- strip-bom@2.0.0
171 silly idealTree +-- strip-indent@1.0.1
171 silly idealTree +-- strip-json-comments@2.0.1
171 silly idealTree +-- sumchecker@1.3.1
171 silly idealTree +-- throttleit@0.0.2
171 silly idealTree +-- through2@0.2.3
171 silly idealTree +-- tough-cookie@2.3.3
171 silly idealTree +-- trim-newlines@1.0.0
171 silly idealTree +-- tunnel-agent@0.6.0
171 silly idealTree +-- tweetnacl@0.14.5
171 silly idealTree +-- type-of@2.0.1
171 silly idealTree +-- typedarray@0.0.6
171 silly idealTree +-- util-deprecate@1.0.2
171 silly idealTree +-- uuid@3.1.0
171 silly idealTree +-- validate-npm-package-license@3.0.1
171 silly idealTree +-- verror@1.10.0
171 silly idealTree +-- wrappy@1.0.2
171 silly idealTree +-- xtend@2.1.2
171 silly idealTree `-- yauzl@2.4.1
172 silly generateActionsToTake Starting
173 silly install generateActionsToTake
174 silly generateActionsToTake Finishing
175 silly diffTrees action count 4
176 silly diffTrees add http-sync@0.0.5
177 silly diffTrees add caseless@0.9.0
178 silly diffTrees add nan@1.8.4
179 silly diffTrees add http-sync@0.1.2
180 silly decomposeActions action count 32
181 silly decomposeActions fetch http-sync@0.0.5
182 silly decomposeActions extract http-sync@0.0.5
183 silly decomposeActions test http-sync@0.0.5
184 silly decomposeActions preinstall http-sync@0.0.5
185 silly decomposeActions build http-sync@0.0.5
186 silly decomposeActions install http-sync@0.0.5
187 silly decomposeActions postinstall http-sync@0.0.5
188 silly decomposeActions finalize http-sync@0.0.5
189 silly decomposeActions fetch caseless@0.9.0
190 silly decomposeActions extract caseless@0.9.0
191 silly decomposeActions test caseless@0.9.0
192 silly decomposeActions preinstall caseless@0.9.0
193 silly decomposeActions build caseless@0.9.0
194 silly decomposeActions install caseless@0.9.0
195 silly decomposeActions postinstall caseless@0.9.0
196 silly decomposeActions finalize caseless@0.9.0
197 silly decomposeActions fetch nan@1.8.4
198 silly decomposeActions extract nan@1.8.4
199 silly decomposeActions test nan@1.8.4
200 silly decomposeActions preinstall nan@1.8.4
201 silly decomposeActions build nan@1.8.4
202 silly decomposeActions install nan@1.8.4
203 silly decomposeActions postinstall nan@1.8.4
204 silly decomposeActions finalize nan@1.8.4
205 silly decomposeActions fetch http-sync@0.1.2
206 silly decomposeActions extract http-sync@0.1.2
207 silly decomposeActions test http-sync@0.1.2
208 silly decomposeActions preinstall http-sync@0.1.2
209 silly decomposeActions build http-sync@0.1.2
210 silly decomposeActions install http-sync@0.1.2
211 silly decomposeActions postinstall http-sync@0.1.2
212 silly decomposeActions finalize http-sync@0.1.2
213 silly runTopLevelLifecycles Starting
214 silly executeActions Starting
215 silly install executeActions
216 silly doSerial global-install 0
217 silly doParallel fetch 4
218 verbose correctMkdir C:\Users\Gabriel\AppData\Roaming\npm-cache\_locks correctMkdir not in flight; initializing
219 verbose lock using C:\Users\Gabriel\AppData\Roaming\npm-cache\_locks\staging-3e4a744abf4b3afa.lock for C:\Users\Gabriel\Documents\Programacao\ELECTRON\app5\node_modules\.staging
220 silly doParallel extract 4
221 silly extract http-sync@0.0.5
222 silly extract caseless@0.9.0
223 silly extract nan@1.8.4
224 silly extract http-sync@0.1.2
225 verbose unbuild node_modules\.staging\nan-670d4171
226 verbose unbuild node_modules\.staging\caseless-30564d74
227 verbose unbuild node_modules\.staging\http-sync-ecc68b0f
228 verbose unbuild node_modules\.staging\http-sync-79fa1b7e
229 silly gentlyRm C:\Users\Gabriel\Documents\Programacao\ELECTRON\app5\node_modules\.staging\nan-670d4171 is being purged from base C:\Users\Gabriel\Documents\Programacao\ELECTRON\app5
230 verbose gentlyRm don't care about contents; nuking C:\Users\Gabriel\Documents\Programacao\ELECTRON\app5\node_modules\.staging\nan-670d4171
231 silly gentlyRm C:\Users\Gabriel\Documents\Programacao\ELECTRON\app5\node_modules\.staging\caseless-30564d74 is being purged from base C:\Users\Gabriel\Documents\Programacao\ELECTRON\app5
232 verbose gentlyRm don't care about contents; nuking C:\Users\Gabriel\Documents\Programacao\ELECTRON\app5\node_modules\.staging\caseless-30564d74
233 silly gentlyRm C:\Users\Gabriel\Documents\Programacao\ELECTRON\app5\node_modules\.staging\http-sync-ecc68b0f is being purged from base C:\Users\Gabriel\Documents\Programacao\ELECTRON\app5
234 verbose gentlyRm don't care about contents; nuking C:\Users\Gabriel\Documents\Programacao\ELECTRON\app5\node_modules\.staging\http-sync-ecc68b0f
235 verbose tar unpack C:\Users\Gabriel\AppData\Roaming\npm-cache\nan\1.8.4\package.tgz
236 verbose tar unpacking to C:\Users\Gabriel\Documents\Programacao\ELECTRON\app5\node_modules\.staging\nan-670d4171
237 silly gentlyRm C:\Users\Gabriel\Documents\Programacao\ELECTRON\app5\node_modules\.staging\nan-670d4171 is being purged
238 verbose gentlyRm don't care about contents; nuking C:\Users\Gabriel\Documents\Programacao\ELECTRON\app5\node_modules\.staging\nan-670d4171
239 silly gentlyRm C:\Users\Gabriel\Documents\Programacao\ELECTRON\app5\node_modules\.staging\http-sync-79fa1b7e is being purged from base C:\Users\Gabriel\Documents\Programacao\ELECTRON\app5
240 verbose gentlyRm don't care about contents; nuking C:\Users\Gabriel\Documents\Programacao\ELECTRON\app5\node_modules\.staging\http-sync-79fa1b7e
241 verbose tar unpack C:\Users\Gabriel\AppData\Roaming\npm-cache\caseless\0.9.0\package.tgz
242 verbose tar unpacking to C:\Users\Gabriel\Documents\Programacao\ELECTRON\app5\node_modules\.staging\caseless-30564d74
243 silly gentlyRm C:\Users\Gabriel\Documents\Programacao\ELECTRON\app5\node_modules\.staging\caseless-30564d74 is being purged
244 verbose gentlyRm don't care about contents; nuking C:\Users\Gabriel\Documents\Programacao\ELECTRON\app5\node_modules\.staging\caseless-30564d74
245 verbose tar unpack C:\Users\Gabriel\AppData\Roaming\npm-cache\http-sync\0.0.5\package.tgz
246 verbose tar unpacking to C:\Users\Gabriel\Documents\Programacao\ELECTRON\app5\node_modules\.staging\http-sync-ecc68b0f
247 silly gentlyRm C:\Users\Gabriel\Documents\Programacao\ELECTRON\app5\node_modules\.staging\http-sync-ecc68b0f is being purged
248 verbose gentlyRm don't care about contents; nuking C:\Users\Gabriel\Documents\Programacao\ELECTRON\app5\node_modules\.staging\http-sync-ecc68b0f
249 silly gunzTarPerm modes [ '777', '666' ]
250 verbose tar unpack C:\Users\Gabriel\AppData\Roaming\npm-cache\http-sync\0.1.2\package.tgz
251 verbose tar unpacking to C:\Users\Gabriel\Documents\Programacao\ELECTRON\app5\node_modules\.staging\http-sync-79fa1b7e
252 silly gentlyRm C:\Users\Gabriel\Documents\Programacao\ELECTRON\app5\node_modules\.staging\http-sync-79fa1b7e is being purged
253 verbose gentlyRm don't care about contents; nuking C:\Users\Gabriel\Documents\Programacao\ELECTRON\app5\node_modules\.staging\http-sync-79fa1b7e
254 silly gunzTarPerm modes [ '777', '666' ]
255 silly gunzTarPerm modes [ '777', '666' ]
256 silly gunzTarPerm modes [ '777', '666' ]
257 silly gunzTarPerm extractEntry package.json
258 silly gunzTarPerm modified mode [ 'package.json', 420, 438 ]
259 silly gunzTarPerm extractEntry package.json
260 silly gunzTarPerm modified mode [ 'package.json', 436, 438 ]
261 silly gunzTarPerm extractEntry package.json
262 silly gunzTarPerm modified mode [ 'package.json', 420, 438 ]
263 silly gunzTarPerm extractEntry package.json
264 silly gunzTarPerm modified mode [ 'package.json', 420, 438 ]
265 silly gunzTarPerm extractEntry README.md
266 silly gunzTarPerm modified mode [ 'README.md', 420, 438 ]
267 silly gunzTarPerm extractEntry index.js
268 silly gunzTarPerm modified mode [ 'index.js', 420, 438 ]
269 silly gunzTarPerm extractEntry .npmignore
270 silly gunzTarPerm modified mode [ '.npmignore', 420, 438 ]
271 silly gunzTarPerm extractEntry README.md
272 silly gunzTarPerm modified mode [ 'README.md', 420, 438 ]
273 silly gunzTarPerm extractEntry README.md
274 silly gunzTarPerm modified mode [ 'README.md', 436, 438 ]
275 silly gunzTarPerm extractEntry .npmignore
276 silly gunzTarPerm modified mode [ '.npmignore', 420, 438 ]
277 silly gunzTarPerm extractEntry README.md
278 silly gunzTarPerm modified mode [ 'README.md', 420, 438 ]
279 silly gunzTarPerm extractEntry include_dirs.js
280 silly gunzTarPerm modified mode [ 'include_dirs.js', 436, 438 ]
281 silly gunzTarPerm extractEntry test.js
282 silly gunzTarPerm modified mode [ 'test.js', 420, 438 ]
283 silly gunzTarPerm extractEntry http-sync.js
284 silly gunzTarPerm modified mode [ 'http-sync.js', 420, 438 ]
285 silly gunzTarPerm extractEntry test.js
286 silly gunzTarPerm modified mode [ 'test.js', 420, 438 ]
287 silly gunzTarPerm extractEntry test_require.js
288 silly gunzTarPerm modified mode [ 'test_require.js', 420, 438 ]
289 silly gunzTarPerm extractEntry License
290 silly gunzTarPerm modified mode [ 'License', 420, 438 ]
291 silly gunzTarPerm extractEntry binding.gyp
292 silly gunzTarPerm modified mode [ 'binding.gyp', 420, 438 ]
293 silly gunzTarPerm extractEntry curllib.cc
294 silly gunzTarPerm modified mode [ 'curllib.cc', 420, 438 ]
295 silly gunzTarPerm extractEntry wscript
296 silly gunzTarPerm modified mode [ 'wscript', 420, 438 ]
297 silly gunzTarPerm extractEntry http-sync.js
298 silly gunzTarPerm modified mode [ 'http-sync.js', 420, 438 ]
299 silly gunzTarPerm extractEntry test_require.js
300 silly gunzTarPerm modified mode [ 'test_require.js', 420, 438 ]
301 silly gunzTarPerm extractEntry LICENSE.md
302 silly gunzTarPerm modified mode [ 'LICENSE.md', 436, 438 ]
303 silly gunzTarPerm extractEntry .dntrc
304 silly gunzTarPerm modified mode [ '.dntrc', 436, 438 ]
305 silly gunzTarPerm extractEntry appveyor.yml
306 silly gunzTarPerm modified mode [ 'appveyor.yml', 436, 438 ]
307 silly gunzTarPerm extractEntry test.js
308 silly gunzTarPerm modified mode [ 'test.js', 420, 438 ]
309 silly gunzTarPerm extractEntry curllib.cc
310 silly gunzTarPerm modified mode [ 'curllib.cc', 420, 438 ]
311 silly gunzTarPerm extractEntry nan.h
312 silly gunzTarPerm modified mode [ 'nan.h', 436, 438 ]
313 silly gunzTarPerm extractEntry nan_implementation_12_inl.h
314 silly gunzTarPerm modified mode [ 'nan_implementation_12_inl.h', 436, 438 ]
315 silly gunzTarPerm extractEntry nan_implementation_pre_12_inl.h
316 silly gunzTarPerm modified mode [ 'nan_implementation_pre_12_inl.h', 436, 438 ]
317 silly gunzTarPerm extractEntry nan_new.h
318 silly gunzTarPerm modified mode [ 'nan_new.h', 436, 438 ]
319 silly gunzTarPerm extractEntry nan_string_bytes.h
320 silly gunzTarPerm modified mode [ 'nan_string_bytes.h', 436, 438 ]
321 silly gunzTarPerm extractEntry .travis.yml
322 silly gunzTarPerm modified mode [ '.travis.yml', 420, 438 ]
323 silly gunzTarPerm extractEntry CHANGELOG.md
324 silly gunzTarPerm modified mode [ 'CHANGELOG.md', 436, 438 ]
325 silly gunzTarPerm extractEntry License
326 silly gunzTarPerm modified mode [ 'License', 420, 438 ]
327 silly gunzTarPerm extractEntry package.json~
328 silly gunzTarPerm modified mode [ 'package.json~', 420, 438 ]
329 silly gentlyRm C:\Users\Gabriel\Documents\Programacao\ELECTRON\app5\node_modules\.staging\caseless-30564d74\node_modules is being purged
330 verbose gentlyRm don't care about contents; nuking C:\Users\Gabriel\Documents\Programacao\ELECTRON\app5\node_modules\.staging\caseless-30564d74\node_modules
331 silly gunzTarPerm extractEntry test/index.js
332 silly gunzTarPerm modified mode [ 'test/index.js', 420, 438 ]
333 silly gunzTarPerm extractEntry test/echo-server
334 silly gunzTarPerm modified mode [ 'test/echo-server', 493, 511 ]
335 silly gunzTarPerm extractEntry test/index.js~
336 silly gunzTarPerm modified mode [ 'test/index.js~', 420, 438 ]
337 silly gunzTarPerm extractEntry binding.gyp
338 silly gunzTarPerm modified mode [ 'binding.gyp', 420, 438 ]
339 silly gunzTarPerm extractEntry wscript
340 silly gunzTarPerm modified mode [ 'wscript', 420, 438 ]
341 silly gentlyRm C:\Users\Gabriel\Documents\Programacao\ELECTRON\app5\node_modules\.staging\http-sync-ecc68b0f\node_modules is being purged
342 verbose gentlyRm don't care about contents; nuking C:\Users\Gabriel\Documents\Programacao\ELECTRON\app5\node_modules\.staging\http-sync-ecc68b0f\node_modules
343 silly gentlyRm C:\Users\Gabriel\Documents\Programacao\ELECTRON\app5\node_modules\.staging\nan-670d4171\node_modules is being purged
344 verbose gentlyRm don't care about contents; nuking C:\Users\Gabriel\Documents\Programacao\ELECTRON\app5\node_modules\.staging\nan-670d4171\node_modules
345 silly gentlyRm C:\Users\Gabriel\Documents\Programacao\ELECTRON\app5\node_modules\.staging\http-sync-79fa1b7e\node_modules is being purged
346 verbose gentlyRm don't care about contents; nuking C:\Users\Gabriel\Documents\Programacao\ELECTRON\app5\node_modules\.staging\http-sync-79fa1b7e\node_modules
347 silly doParallel preinstall 4
348 silly preinstall http-sync@0.0.5 C:\Users\Gabriel\Documents\Programacao\ELECTRON\app5\node_modules\.staging\http-sync-ecc68b0f
349 info lifecycle http-sync@0.0.5~preinstall: http-sync@0.0.5
350 silly preinstall caseless@0.9.0 C:\Users\Gabriel\Documents\Programacao\ELECTRON\app5\node_modules\.staging\caseless-30564d74
351 info lifecycle caseless@0.9.0~preinstall: caseless@0.9.0
352 silly preinstall nan@1.8.4 C:\Users\Gabriel\Documents\Programacao\ELECTRON\app5\node_modules\.staging\nan-670d4171
353 info lifecycle nan@1.8.4~preinstall: nan@1.8.4
354 silly preinstall http-sync@0.1.2 C:\Users\Gabriel\Documents\Programacao\ELECTRON\app5\node_modules\.staging\http-sync-79fa1b7e
355 info lifecycle http-sync@0.1.2~preinstall: http-sync@0.1.2
356 silly lifecycle http-sync@0.0.5~preinstall: no script for preinstall, continuing
357 silly lifecycle caseless@0.9.0~preinstall: no script for preinstall, continuing
358 silly lifecycle nan@1.8.4~preinstall: no script for preinstall, continuing
359 silly lifecycle http-sync@0.1.2~preinstall: no script for preinstall, continuing
360 silly doReverseSerial remove 0
361 silly doSerial move 0
362 silly doSerial finalize 4
363 silly finalize C:\Users\Gabriel\Documents\Programacao\ELECTRON\app5\node_modules\request-sync\node_modules\http-sync
364 silly finalize C:\Users\Gabriel\Documents\Programacao\ELECTRON\app5\node_modules\http-sync\node_modules\caseless
365 silly finalize C:\Users\Gabriel\Documents\Programacao\ELECTRON\app5\node_modules\nan
366 silly finalize C:\Users\Gabriel\Documents\Programacao\ELECTRON\app5\node_modules\http-sync
367 silly doSerial build 4
368 silly build http-sync@0.0.5
369 info linkStuff http-sync@0.0.5
370 silly linkStuff http-sync@0.0.5 has C:\Users\Gabriel\Documents\Programacao\ELECTRON\app5\node_modules\request-sync\node_modules as its parent node_modules
371 verbose linkBins http-sync@0.0.5
372 verbose linkMans http-sync@0.0.5
373 silly build caseless@0.9.0
374 info linkStuff caseless@0.9.0
375 silly linkStuff caseless@0.9.0 has C:\Users\Gabriel\Documents\Programacao\ELECTRON\app5\node_modules\http-sync\node_modules as its parent node_modules
376 verbose linkBins caseless@0.9.0
377 verbose linkMans caseless@0.9.0
378 silly build nan@1.8.4
379 info linkStuff nan@1.8.4
380 silly linkStuff nan@1.8.4 has C:\Users\Gabriel\Documents\Programacao\ELECTRON\app5\node_modules as its parent node_modules
381 verbose linkBins nan@1.8.4
382 verbose linkMans nan@1.8.4
383 silly build http-sync@0.1.2
384 info linkStuff http-sync@0.1.2
385 silly linkStuff http-sync@0.1.2 has C:\Users\Gabriel\Documents\Programacao\ELECTRON\app5\node_modules as its parent node_modules
386 verbose linkBins http-sync@0.1.2
387 verbose linkMans http-sync@0.1.2
388 silly doSerial global-link 0
389 silly doParallel update-linked 0
390 silly doSerial install 4
391 silly install http-sync@0.0.5 C:\Users\Gabriel\Documents\Programacao\ELECTRON\app5\node_modules\.staging\http-sync-ecc68b0f
392 info lifecycle http-sync@0.0.5~install: http-sync@0.0.5
393 verbose lifecycle http-sync@0.0.5~install: unsafe-perm in lifecycle true
394 verbose lifecycle http-sync@0.0.5~install: PATH: C:\Program Files\nodejs\node_modules\npm\bin\node-gyp-bin;C:\Users\Gabriel\Documents\Programacao\ELECTRON\app5\node_modules\request-sync\node_modules\http-sync\node_modules\.bin;C:\Users\Gabriel\Documents\Programacao\ELECTRON\app5\node_modules\request-sync\node_modules\.bin;C:\Users\Gabriel\Documents\Programacao\ELECTRON\app5\node_modules\.bin;C:\ProgramData\Oracle\Java\javapath;c:\windows\system32;c:\windows;c:\windows\system32\wbem;c:\windows\system32\windowspowershell\v1.0\;c:\program files\intel\wifi\bin\;c:\program files\common files\intel\wirelesscommon\;C:\WINDOWS\system32;C:\WINDOWS;C:\WINDOWS\system32\wbem;C:\WINDOWS\system32\windowspowershell\v1.0\;C:\Program Files (x86)\NVIDIA Corporation\PhysX\Common;C:\Program Files\dotnet\;C:\Program Files\Microsoft SQL Server\130\Tools\Binn\;C:\Program Files\Git\cmd;C:\wamp64\bin\php\php7.1.9;C:\ProgramData\ComposerSetup\bin;C:\Program Files\nodejs\;C:\Python27\Scripts\;C:\Python27;C:\Users\Gabriel\AppData\Local\Microsoft\WindowsApps;C:\Program Files (x86)\MSBuild\14.0\Bin;C:\android-sdk\tools;C:\android-sdk\platforms;C:\Users\Gabriel\AppData\Roaming\Composer\vendor\bin;C:\Users\Gabriel\AppData\Roaming\npm;
395 verbose lifecycle http-sync@0.0.5~install: CWD: C:\Users\Gabriel\Documents\Programacao\ELECTRON\app5\node_modules\request-sync\node_modules\http-sync
396 silly lifecycle http-sync@0.0.5~install: Args: [ '/d /s /c', 'node-gyp rebuild' ]
397 silly lifecycle http-sync@0.0.5~install: Returned: code: 1  signal: null
398 info lifecycle http-sync@0.0.5~install: Failed to exec install script
399 silly install caseless@0.9.0 C:\Users\Gabriel\Documents\Programacao\ELECTRON\app5\node_modules\.staging\caseless-30564d74
400 info lifecycle caseless@0.9.0~install: caseless@0.9.0
401 silly lifecycle caseless@0.9.0~install: no script for install, continuing
402 silly install nan@1.8.4 C:\Users\Gabriel\Documents\Programacao\ELECTRON\app5\node_modules\.staging\nan-670d4171
403 info lifecycle nan@1.8.4~install: nan@1.8.4
404 silly lifecycle nan@1.8.4~install: no script for install, continuing
405 silly install http-sync@0.1.2 C:\Users\Gabriel\Documents\Programacao\ELECTRON\app5\node_modules\.staging\http-sync-79fa1b7e
406 info lifecycle http-sync@0.1.2~install: http-sync@0.1.2
407 verbose lifecycle http-sync@0.1.2~install: unsafe-perm in lifecycle true
408 verbose lifecycle http-sync@0.1.2~install: PATH: C:\Program Files\nodejs\node_modules\npm\bin\node-gyp-bin;C:\Users\Gabriel\Documents\Programacao\ELECTRON\app5\node_modules\http-sync\node_modules\.bin;C:\Users\Gabriel\Documents\Programacao\ELECTRON\app5\node_modules\.bin;C:\ProgramData\Oracle\Java\javapath;c:\windows\system32;c:\windows;c:\windows\system32\wbem;c:\windows\system32\windowspowershell\v1.0\;c:\program files\intel\wifi\bin\;c:\program files\common files\intel\wirelesscommon\;C:\WINDOWS\system32;C:\WINDOWS;C:\WINDOWS\system32\wbem;C:\WINDOWS\system32\windowspowershell\v1.0\;C:\Program Files (x86)\NVIDIA Corporation\PhysX\Common;C:\Program Files\dotnet\;C:\Program Files\Microsoft SQL Server\130\Tools\Binn\;C:\Program Files\Git\cmd;C:\wamp64\bin\php\php7.1.9;C:\ProgramData\ComposerSetup\bin;C:\Program Files\nodejs\;C:\Python27\Scripts\;C:\Python27;C:\Users\Gabriel\AppData\Local\Microsoft\WindowsApps;C:\Program Files (x86)\MSBuild\14.0\Bin;C:\android-sdk\tools;C:\android-sdk\platforms;C:\Users\Gabriel\AppData\Roaming\Composer\vendor\bin;C:\Users\Gabriel\AppData\Roaming\npm;
409 verbose lifecycle http-sync@0.1.2~install: CWD: C:\Users\Gabriel\Documents\Programacao\ELECTRON\app5\node_modules\http-sync
410 silly lifecycle http-sync@0.1.2~install: Args: [ '/d /s /c', 'node-gyp rebuild' ]
411 silly lifecycle http-sync@0.1.2~install: Returned: code: 1  signal: null
412 info lifecycle http-sync@0.1.2~install: Failed to exec install script
413 verbose unlock done using C:\Users\Gabriel\AppData\Roaming\npm-cache\_locks\staging-3e4a744abf4b3afa.lock for C:\Users\Gabriel\Documents\Programacao\ELECTRON\app5\node_modules\.staging
414 silly rollbackFailedOptional Starting
415 silly rollbackFailedOptional Finishing
416 silly runTopLevelLifecycles Finishing
417 silly install printInstalled
418 warn app4@1.0.0 No description
419 verbose If you need help, you may report this error at:
419 verbose     <https://github.com/npm/npm/issues>
420 warn app4@1.0.0 No repository field.
421 verbose If you need help, you may report this error at:
421 verbose     <https://github.com/npm/npm/issues>
422 warn app4@1.0.0 No license field.
423 verbose If you need help, you may report this error at:
423 verbose     <https://github.com/npm/npm/issues>
424 warn optional SKIPPING OPTIONAL DEPENDENCY: http-sync@0.0.5 (node_modules\request-sync\node_modules\http-sync):
425 warn optional SKIPPING OPTIONAL DEPENDENCY: http-sync@0.0.5 install: `node-gyp rebuild`
425 warn optional SKIPPING OPTIONAL DEPENDENCY: Exit status 1
426 verbose optional SKIPPING OPTIONAL DEPENDENCY:
426 verbose optional Failed at the http-sync@0.0.5 install script 'node-gyp rebuild'.
426 verbose optional SKIPPING OPTIONAL DEPENDENCY: Make sure you have the latest version of node.js and npm installed.
426 verbose optional SKIPPING OPTIONAL DEPENDENCY: If you do, this is most likely a problem with the http-sync package,
426 verbose optional SKIPPING OPTIONAL DEPENDENCY: not with npm itself.
426 verbose optional SKIPPING OPTIONAL DEPENDENCY: Tell the author that this fails on your system:
426 verbose optional SKIPPING OPTIONAL DEPENDENCY:     node-gyp rebuild
426 verbose optional SKIPPING OPTIONAL DEPENDENCY: You can get information on how to open an issue for this project with:
426 verbose optional SKIPPING OPTIONAL DEPENDENCY:     npm bugs http-sync
426 verbose optional SKIPPING OPTIONAL DEPENDENCY: Or if that isn't available, you can get their info via:
426 verbose optional SKIPPING OPTIONAL DEPENDENCY:     npm owner ls http-sync
426 verbose optional SKIPPING OPTIONAL DEPENDENCY: There is likely additional logging output above.
427 verbose stack Error: http-sync@0.1.2 install: `node-gyp rebuild`
427 verbose stack Exit status 1
427 verbose stack     at EventEmitter.<anonymous> (C:\Program Files\nodejs\node_modules\npm\lib\utils\lifecycle.js:255:16)
427 verbose stack     at emitTwo (events.js:106:13)
427 verbose stack     at EventEmitter.emit (events.js:191:7)
427 verbose stack     at ChildProcess.<anonymous> (C:\Program Files\nodejs\node_modules\npm\lib\utils\spawn.js:40:14)
427 verbose stack     at emitTwo (events.js:106:13)
427 verbose stack     at ChildProcess.emit (events.js:191:7)
427 verbose stack     at maybeClose (internal/child_process.js:920:16)
427 verbose stack     at Process.ChildProcess._handle.onexit (internal/child_process.js:230:5)
428 verbose pkgid http-sync@0.1.2
429 verbose cwd C:\Users\Gabriel\Documents\Programacao\ELECTRON\app5
430 error Windows_NT 10.0.15063
431 error argv "C:\\Program Files\\nodejs\\node.exe" "C:\\Program Files\\nodejs\\node_modules\\npm\\bin\\npm-cli.js" "install" "--save" "http-sync"
432 error node v6.11.4
433 error npm  v3.10.10
434 error code ELIFECYCLE
435 error http-sync@0.1.2 install: `node-gyp rebuild`
435 error Exit status 1
436 error Failed at the http-sync@0.1.2 install script 'node-gyp rebuild'.
436 error Make sure you have the latest version of node.js and npm installed.
436 error If you do, this is most likely a problem with the http-sync package,
436 error not with npm itself.
436 error Tell the author that this fails on your system:
436 error     node-gyp rebuild
436 error You can get information on how to open an issue for this project with:
436 error     npm bugs http-sync
436 error Or if that isn't available, you can get their info via:
436 error     npm owner ls http-sync
436 error There is likely additional logging output above.
437 verbose exit [ 1, true ]
